<?xml version="1.0" encoding="UTF-8"?>
<coverage generated="1768170613968" clover="3.2.0">
  <project timestamp="1768170613968" name="All files">
    <metrics statements="46" coveredstatements="35" conditionals="21" coveredconditionals="14" methods="27" coveredmethods="19" elements="94" coveredelements="68" complexity="0" loc="46" ncloc="46" packages="5" files="5" classes="5"/>
    <package name="components.Gallery">
      <metrics statements="30" coveredstatements="23" conditionals="11" coveredconditionals="6" methods="16" coveredmethods="12"/>
      <file name="Gallery.tsx" path="/Users/black/Documents/IT_Academy/Especialitzacio/Front_End_React/sprint5_image_gallery/src/components/Gallery/Gallery.tsx">
        <metrics statements="30" coveredstatements="23" conditionals="11" coveredconditionals="6" methods="16" coveredmethods="12"/>
        <line num="10" count="1" type="stmt"/>
        <line num="11" count="10" type="stmt"/>
        <line num="12" count="10" type="stmt"/>
        <line num="14" count="10" type="stmt"/>
        <line num="15" count="2" type="cond" truecount="2" falsecount="0"/>
        <line num="16" count="9" type="stmt"/>
        <line num="20" count="10" type="stmt"/>
        <line num="21" count="2" type="stmt"/>
        <line num="22" count="2" type="stmt"/>
        <line num="24" count="2" type="cond" truecount="1" falsecount="1"/>
        <line num="25" count="0" type="stmt"/>
        <line num="27" count="2" type="stmt"/>
        <line num="30" count="2" type="stmt"/>
        <line num="34" count="10" type="stmt"/>
        <line num="35" count="1" type="cond" truecount="1" falsecount="1"/>
        <line num="40" count="1" type="stmt"/>
        <line num="41" count="9" type="stmt"/>
        <line num="43" count="1" type="stmt"/>
        <line num="47" count="10" type="stmt"/>
        <line num="48" count="0" type="stmt"/>
        <line num="49" count="0" type="cond" truecount="0" falsecount="2"/>
        <line num="50" count="0" type="cond" truecount="0" falsecount="1"/>
        <line num="51" count="0" type="stmt"/>
        <line num="52" count="0" type="stmt"/>
        <line num="54" count="0" type="stmt"/>
        <line num="58" count="10" type="stmt"/>
        <line num="60" count="10" type="stmt"/>
        <line num="78" count="1" type="stmt"/>
        <line num="83" count="87" type="stmt"/>
        <line num="86" count="87" type="stmt"/>
      </file>
    </package>
    <package name="components.ImageItem">
      <metrics statements="7" coveredstatements="7" conditionals="10" coveredconditionals="8" methods="3" coveredmethods="3"/>
      <file name="ImageItem.tsx" path="/Users/black/Documents/IT_Academy/Especialitzacio/Front_End_React/sprint5_image_gallery/src/components/ImageItem/ImageItem.tsx">
        <metrics statements="7" coveredstatements="7" conditionals="10" coveredconditionals="8" methods="3" coveredmethods="3"/>
        <line num="7" count="2" type="stmt"/>
        <line num="24" count="111" type="stmt"/>
        <line num="26" count="111" type="stmt"/>
        <line num="31" count="111" type="stmt"/>
        <line num="41" count="7" type="stmt"/>
        <line num="54" count="4" type="stmt"/>
        <line num="55" count="4" type="stmt"/>
      </file>
    </package>
    <package name="components.ui">
      <metrics statements="7" coveredstatements="3" conditionals="0" coveredconditionals="0" methods="7" coveredmethods="3"/>
      <file name="card.tsx" path="/Users/black/Documents/IT_Academy/Especialitzacio/Front_End_React/sprint5_image_gallery/src/components/ui/card.tsx">
        <metrics statements="7" coveredstatements="3" conditionals="0" coveredconditionals="0" methods="7" coveredmethods="3"/>
        <line num="6" count="111" type="stmt"/>
        <line num="19" count="0" type="stmt"/>
        <line num="32" count="0" type="stmt"/>
        <line num="42" count="0" type="stmt"/>
        <line num="52" count="0" type="stmt"/>
        <line num="65" count="111" type="stmt"/>
        <line num="75" count="111" type="stmt"/>
      </file>
    </package>
    <package name="data">
      <metrics statements="1" coveredstatements="1" conditionals="0" coveredconditionals="0" methods="0" coveredmethods="0"/>
      <file name="dataPhoto.ts" path="/Users/black/Documents/IT_Academy/Especialitzacio/Front_End_React/sprint5_image_gallery/src/data/dataPhoto.ts">
        <metrics statements="1" coveredstatements="1" conditionals="0" coveredconditionals="0" methods="0" coveredmethods="0"/>
        <line num="3" count="1" type="stmt"/>
      </file>
    </package>
    <package name="lib">
      <metrics statements="1" coveredstatements="1" conditionals="0" coveredconditionals="0" methods="1" coveredmethods="1"/>
      <file name="utils.ts" path="/Users/black/Documents/IT_Academy/Especialitzacio/Front_End_React/sprint5_image_gallery/src/lib/utils.ts">
        <metrics statements="1" coveredstatements="1" conditionals="0" coveredconditionals="0" methods="1" coveredmethods="1"/>
        <line num="5" count="333" type="stmt"/>
      </file>
    </package>
  </project>
</coverage>
