{"/Users/black/Documents/IT_Academy/Especialitzacio/Front_End_React/sprint5_image_gallery/src/components/Gallery/Gallery.tsx": {"path":"/Users/black/Documents/IT_Academy/Especialitzacio/Front_End_React/sprint5_image_gallery/src/components/Gallery/Gallery.tsx","statementMap":{"0":{"start":{"line":10,"column":16},"end":{"line":103,"column":null}},"1":{"start":{"line":11,"column":28},"end":{"line":11,"column":null}},"2":{"start":{"line":12,"column":36},"end":{"line":12,"column":null}},"3":{"start":{"line":14,"column":23},"end":{"line":18,"column":null}},"4":{"start":{"line":15,"column":4},"end":{"line":17,"column":null}},"5":{"start":{"line":16,"column":6},"end":{"line":16,"column":null}},"6":{"start":{"line":16,"column":25},"end":{"line":16,"column":58}},"7":{"start":{"line":16,"column":44},"end":{"line":16,"column":57}},"8":{"start":{"line":20,"column":25},"end":{"line":32,"column":null}},"9":{"start":{"line":21,"column":6},"end":{"line":31,"column":null}},"10":{"start":{"line":22,"column":21},"end":{"line":22,"column":null}},"11":{"start":{"line":24,"column":8},"end":{"line":28,"column":null}},"12":{"start":{"line":25,"column":10},"end":{"line":25,"column":null}},"13":{"start":{"line":27,"column":10},"end":{"line":27,"column":null}},"14":{"start":{"line":30,"column":8},"end":{"line":30,"column":null}},"15":{"start":{"line":34,"column":31},"end":{"line":45,"column":null}},"16":{"start":{"line":35,"column":6},"end":{"line":44,"column":null}},"17":{"start":{"line":40,"column":8},"end":{"line":42,"column":null}},"18":{"start":{"line":41,"column":10},"end":{"line":41,"column":null}},"19":{"start":{"line":41,"column":29},"end":{"line":41,"column":53}},"20":{"start":{"line":43,"column":8},"end":{"line":43,"column":null}},"21":{"start":{"line":47,"column":24},"end":{"line":57,"column":null}},"22":{"start":{"line":48,"column":29},"end":{"line":48,"column":null}},"23":{"start":{"line":49,"column":6},"end":{"line":56,"column":null}},"24":{"start":{"line":50,"column":10},"end":{"line":55,"column":null}},"25":{"start":{"line":51,"column":29},"end":{"line":51,"column":null}},"26":{"start":{"line":51,"column":52},"end":{"line":51,"column":73}},"27":{"start":{"line":52,"column":29},"end":{"line":52,"column":null}},"28":{"start":{"line":52,"column":52},"end":{"line":52,"column":72}},"29":{"start":{"line":54,"column":12},"end":{"line":54,"column":null}},"30":{"start":{"line":58,"column":23},"end":{"line":58,"column":null}},"31":{"start":{"line":60,"column":2},"end":{"line":101,"column":null}},"32":{"start":{"line":78,"column":73},"end":{"line":78,"column":null}},"33":{"start":{"line":83,"column":59},"end":{"line":83,"column":67}},"34":{"start":{"line":86,"column":24},"end":{"line":96,"column":null}}},"fnMap":{"0":{"name":"(anonymous_0)","decl":{"start":{"line":10,"column":16},"end":{"line":10,"column":22}},"loc":{"start":{"line":10,"column":22},"end":{"line":103,"column":null}},"line":10},"1":{"name":"(anonymous_1)","decl":{"start":{"line":14,"column":23},"end":{"line":14,"column":24}},"loc":{"start":{"line":14,"column":39},"end":{"line":18,"column":null}},"line":14},"2":{"name":"(anonymous_2)","decl":{"start":{"line":16,"column":17},"end":{"line":16,"column":25}},"loc":{"start":{"line":16,"column":25},"end":{"line":16,"column":58}},"line":16},"3":{"name":"(anonymous_3)","decl":{"start":{"line":16,"column":37},"end":{"line":16,"column":44}},"loc":{"start":{"line":16,"column":44},"end":{"line":16,"column":57}},"line":16},"4":{"name":"(anonymous_4)","decl":{"start":{"line":20,"column":25},"end":{"line":20,"column":26}},"loc":{"start":{"line":20,"column":41},"end":{"line":32,"column":null}},"line":20},"5":{"name":"(anonymous_5)","decl":{"start":{"line":21,"column":21},"end":{"line":21,"column":29}},"loc":{"start":{"line":21,"column":29},"end":{"line":31,"column":7}},"line":21},"6":{"name":"(anonymous_6)","decl":{"start":{"line":34,"column":31},"end":{"line":34,"column":37}},"loc":{"start":{"line":34,"column":37},"end":{"line":45,"column":null}},"line":34},"7":{"name":"(anonymous_7)","decl":{"start":{"line":40,"column":19},"end":{"line":40,"column":null}},"loc":{"start":{"line":41,"column":10},"end":{"line":41,"column":null}},"line":41},"8":{"name":"(anonymous_8)","decl":{"start":{"line":41,"column":22},"end":{"line":41,"column":29}},"loc":{"start":{"line":41,"column":29},"end":{"line":41,"column":53}},"line":41},"9":{"name":"(anonymous_9)","decl":{"start":{"line":47,"column":24},"end":{"line":47,"column":25}},"loc":{"start":{"line":47,"column":49},"end":{"line":57,"column":null}},"line":47},"10":{"name":"(anonymous_10)","decl":{"start":{"line":50,"column":21},"end":{"line":50,"column":22}},"loc":{"start":{"line":50,"column":46},"end":{"line":55,"column":11}},"line":50},"11":{"name":"(anonymous_11)","decl":{"start":{"line":51,"column":44},"end":{"line":51,"column":52}},"loc":{"start":{"line":51,"column":52},"end":{"line":51,"column":73}},"line":51},"12":{"name":"(anonymous_12)","decl":{"start":{"line":52,"column":44},"end":{"line":52,"column":52}},"loc":{"start":{"line":52,"column":52},"end":{"line":52,"column":72}},"line":52},"13":{"name":"(anonymous_13)","decl":{"start":{"line":78,"column":67},"end":{"line":78,"column":73}},"loc":{"start":{"line":78,"column":73},"end":{"line":78,"column":null}},"line":78},"14":{"name":"(anonymous_14)","decl":{"start":{"line":83,"column":50},"end":{"line":83,"column":59}},"loc":{"start":{"line":83,"column":59},"end":{"line":83,"column":67}},"line":83},"15":{"name":"(anonymous_15)","decl":{"start":{"line":85,"column":33},"end":{"line":85,"column":34}},"loc":{"start":{"line":86,"column":24},"end":{"line":96,"column":null}},"line":86}},"branchMap":{"0":{"loc":{"start":{"line":15,"column":4},"end":{"line":17,"column":null}},"type":"if","locations":[{"start":{"line":15,"column":4},"end":{"line":17,"column":null}},{"start":{},"end":{}}],"line":15},"1":{"loc":{"start":{"line":24,"column":8},"end":{"line":28,"column":null}},"type":"if","locations":[{"start":{"line":24,"column":8},"end":{"line":28,"column":null}},{"start":{"line":26,"column":15},"end":{"line":28,"column":null}}],"line":24},"2":{"loc":{"start":{"line":35,"column":6},"end":{"line":44,"column":null}},"type":"if","locations":[{"start":{"line":35,"column":6},"end":{"line":44,"column":null}},{"start":{},"end":{}}],"line":35},"3":{"loc":{"start":{"line":49,"column":6},"end":{"line":56,"column":null}},"type":"if","locations":[{"start":{"line":49,"column":6},"end":{"line":56,"column":null}},{"start":{},"end":{}}],"line":49},"4":{"loc":{"start":{"line":50,"column":22},"end":{"line":50,"column":46}},"type":"default-arg","locations":[{"start":{"line":50,"column":29},"end":{"line":50,"column":46}}],"line":50},"5":{"loc":{"start":{"line":72,"column":18},"end":{"line":74,"column":60}},"type":"cond-expr","locations":[{"start":{"line":73,"column":20},"end":{"line":73,"column":null}},{"start":{"line":74,"column":20},"end":{"line":74,"column":60}}],"line":72}},"s":{"0":1,"1":10,"2":10,"3":10,"4":2,"5":1,"6":1,"7":9,"8":10,"9":2,"10":2,"11":2,"12":0,"13":2,"14":2,"15":10,"16":1,"17":1,"18":1,"19":9,"20":1,"21":10,"22":0,"23":0,"24":0,"25":0,"26":0,"27":0,"28":0,"29":0,"30":10,"31":10,"32":1,"33":87,"34":87},"f":{"0":10,"1":2,"2":1,"3":9,"4":2,"5":2,"6":1,"7":1,"8":9,"9":0,"10":0,"11":0,"12":0,"13":1,"14":87,"15":87},"b":{"0":[1,1],"1":[0,2],"2":[1,0],"3":[0,0],"4":[0],"5":[2,8]},"meta":{"lastBranch":6,"lastFunction":16,"lastStatement":35,"seen":{"s:10:16:103:Infinity":0,"f:10:16:10:22":0,"s:11:28:11:Infinity":1,"s:12:36:12:Infinity":2,"s:14:23:18:Infinity":3,"f:14:23:14:24":1,"b:15:4:17:Infinity:undefined:undefined:undefined:undefined":0,"s:15:4:17:Infinity":4,"s:16:6:16:Infinity":5,"f:16:17:16:25":2,"s:16:25:16:58":6,"f:16:37:16:44":3,"s:16:44:16:57":7,"s:20:25:32:Infinity":8,"f:20:25:20:26":4,"s:21:6:31:Infinity":9,"f:21:21:21:29":5,"s:22:21:22:Infinity":10,"b:24:8:28:Infinity:26:15:28:Infinity":1,"s:24:8:28:Infinity":11,"s:25:10:25:Infinity":12,"s:27:10:27:Infinity":13,"s:30:8:30:Infinity":14,"s:34:31:45:Infinity":15,"f:34:31:34:37":6,"b:35:6:44:Infinity:undefined:undefined:undefined:undefined":2,"s:35:6:44:Infinity":16,"s:40:8:42:Infinity":17,"f:40:19:40:Infinity":7,"s:41:10:41:Infinity":18,"f:41:22:41:29":8,"s:41:29:41:53":19,"s:43:8:43:Infinity":20,"s:47:24:57:Infinity":21,"f:47:24:47:25":9,"s:48:29:48:Infinity":22,"b:49:6:56:Infinity:undefined:undefined:undefined:undefined":3,"s:49:6:56:Infinity":23,"s:50:10:55:Infinity":24,"f:50:21:50:22":10,"b:50:29:50:46":4,"s:51:29:51:Infinity":25,"f:51:44:51:52":11,"s:51:52:51:73":26,"s:52:29:52:Infinity":27,"f:52:44:52:52":12,"s:52:52:52:72":28,"s:54:12:54:Infinity":29,"s:58:23:58:Infinity":30,"s:60:2:101:Infinity":31,"b:73:20:73:Infinity:74:20:74:60":5,"f:78:67:78:73":13,"s:78:73:78:Infinity":32,"f:83:50:83:59":14,"s:83:59:83:67":33,"f:85:33:85:34":15,"s:86:24:96:Infinity":34}}}
,"/Users/black/Documents/IT_Academy/Especialitzacio/Front_End_React/sprint5_image_gallery/src/components/ImageItem/ImageItem.tsx": {"path":"/Users/black/Documents/IT_Academy/Especialitzacio/Front_End_React/sprint5_image_gallery/src/components/ImageItem/ImageItem.tsx","statementMap":{"0":{"start":{"line":7,"column":18},"end":{"line":66,"column":null}},"1":{"start":{"line":24,"column":2},"end":{"line":24,"column":null}},"2":{"start":{"line":26,"column":16},"end":{"line":29,"column":null}},"3":{"start":{"line":31,"column":2},"end":{"line":64,"column":null}},"4":{"start":{"line":41,"column":23},"end":{"line":41,"column":null}},"5":{"start":{"line":54,"column":16},"end":{"line":54,"column":null}},"6":{"start":{"line":55,"column":16},"end":{"line":55,"column":null}}},"fnMap":{"0":{"name":"(anonymous_0)","decl":{"start":{"line":7,"column":18},"end":{"line":7,"column":19}},"loc":{"start":{"line":16,"column":22},"end":{"line":66,"column":null}},"line":16},"1":{"name":"(anonymous_1)","decl":{"start":{"line":41,"column":17},"end":{"line":41,"column":23}},"loc":{"start":{"line":41,"column":23},"end":{"line":41,"column":null}},"line":41},"2":{"name":"(anonymous_2)","decl":{"start":{"line":53,"column":23},"end":{"line":53,"column":24}},"loc":{"start":{"line":53,"column":30},"end":{"line":56,"column":null}},"line":53}},"branchMap":{"0":{"loc":{"start":{"line":38,"column":15},"end":{"line":38,"column":56}},"type":"cond-expr","locations":[{"start":{"line":38,"column":28},"end":{"line":38,"column":54}},{"start":{"line":38,"column":54},"end":{"line":38,"column":56}}],"line":38},"1":{"loc":{"start":{"line":39,"column":14},"end":{"line":39,"column":55}},"type":"cond-expr","locations":[{"start":{"line":39,"column":27},"end":{"line":39,"column":53}},{"start":{"line":39,"column":53},"end":{"line":39,"column":55}}],"line":39},"2":{"loc":{"start":{"line":40,"column":15},"end":{"line":40,"column":55}},"type":"cond-expr","locations":[{"start":{"line":40,"column":27},"end":{"line":40,"column":53}},{"start":{"line":40,"column":53},"end":{"line":40,"column":55}}],"line":40},"3":{"loc":{"start":{"line":44,"column":42},"end":{"line":44,"column":99}},"type":"cond-expr","locations":[{"start":{"line":44,"column":55},"end":{"line":44,"column":97}},{"start":{"line":44,"column":97},"end":{"line":44,"column":99}}],"line":44},"4":{"loc":{"start":{"line":59,"column":66},"end":{"line":59,"column":160}},"type":"cond-expr","locations":[{"start":{"line":59,"column":81},"end":{"line":59,"column":94}},{"start":{"line":59,"column":94},"end":{"line":59,"column":160}}],"line":59}},"s":{"0":2,"1":111,"2":111,"3":111,"4":7,"5":4,"6":4},"f":{"0":111,"1":7,"2":4},"b":{"0":[13,98],"1":[0,111],"2":[4,107],"3":[0,111],"4":[18,93]},"meta":{"lastBranch":5,"lastFunction":3,"lastStatement":7,"seen":{"s:7:18:66:Infinity":0,"f:7:18:7:19":0,"s:24:2:24:Infinity":1,"s:26:16:29:Infinity":2,"s:31:2:64:Infinity":3,"b:38:28:38:54:38:54:38:56":0,"b:39:27:39:53:39:53:39:55":1,"b:40:27:40:53:40:53:40:55":2,"f:41:17:41:23":1,"s:41:23:41:Infinity":4,"b:44:55:44:97:44:97:44:99":3,"f:53:23:53:24":2,"s:54:16:54:Infinity":5,"s:55:16:55:Infinity":6,"b:59:81:59:94:59:94:59:160":4}}}
,"/Users/black/Documents/IT_Academy/Especialitzacio/Front_End_React/sprint5_image_gallery/src/components/ui/card.tsx": {"path":"/Users/black/Documents/IT_Academy/Especialitzacio/Front_End_React/sprint5_image_gallery/src/components/ui/card.tsx","statementMap":{"0":{"start":{"line":6,"column":2},"end":{"line":14,"column":null}},"1":{"start":{"line":19,"column":2},"end":{"line":27,"column":null}},"2":{"start":{"line":32,"column":2},"end":{"line":37,"column":null}},"3":{"start":{"line":42,"column":2},"end":{"line":47,"column":null}},"4":{"start":{"line":52,"column":2},"end":{"line":60,"column":null}},"5":{"start":{"line":65,"column":2},"end":{"line":70,"column":null}},"6":{"start":{"line":75,"column":2},"end":{"line":80,"column":null}}},"fnMap":{"0":{"name":"Card","decl":{"start":{"line":5,"column":9},"end":{"line":5,"column":14}},"loc":{"start":{"line":5,"column":68},"end":{"line":16,"column":null}},"line":5},"1":{"name":"CardHeader","decl":{"start":{"line":18,"column":9},"end":{"line":18,"column":20}},"loc":{"start":{"line":18,"column":74},"end":{"line":29,"column":null}},"line":18},"2":{"name":"CardTitle","decl":{"start":{"line":31,"column":9},"end":{"line":31,"column":19}},"loc":{"start":{"line":31,"column":73},"end":{"line":39,"column":null}},"line":31},"3":{"name":"CardDescription","decl":{"start":{"line":41,"column":9},"end":{"line":41,"column":25}},"loc":{"start":{"line":41,"column":79},"end":{"line":49,"column":null}},"line":41},"4":{"name":"CardAction","decl":{"start":{"line":51,"column":9},"end":{"line":51,"column":20}},"loc":{"start":{"line":51,"column":74},"end":{"line":62,"column":null}},"line":51},"5":{"name":"CardContent","decl":{"start":{"line":64,"column":9},"end":{"line":64,"column":21}},"loc":{"start":{"line":64,"column":75},"end":{"line":72,"column":null}},"line":64},"6":{"name":"CardFooter","decl":{"start":{"line":74,"column":9},"end":{"line":74,"column":20}},"loc":{"start":{"line":74,"column":74},"end":{"line":82,"column":null}},"line":74}},"branchMap":{},"s":{"0":111,"1":0,"2":0,"3":0,"4":0,"5":111,"6":111},"f":{"0":111,"1":0,"2":0,"3":0,"4":0,"5":111,"6":111},"b":{},"meta":{"lastBranch":0,"lastFunction":7,"lastStatement":7,"seen":{"f:5:9:5:14":0,"s:6:2:14:Infinity":0,"f:18:9:18:20":1,"s:19:2:27:Infinity":1,"f:31:9:31:19":2,"s:32:2:37:Infinity":2,"f:41:9:41:25":3,"s:42:2:47:Infinity":3,"f:51:9:51:20":4,"s:52:2:60:Infinity":4,"f:64:9:64:21":5,"s:65:2:70:Infinity":5,"f:74:9:74:20":6,"s:75:2:80:Infinity":6}}}
,"/Users/black/Documents/IT_Academy/Especialitzacio/Front_End_React/sprint5_image_gallery/src/data/dataPhoto.ts": {"path":"/Users/black/Documents/IT_Academy/Especialitzacio/Front_End_React/sprint5_image_gallery/src/data/dataPhoto.ts","statementMap":{"0":{"start":{"line":3,"column":24},"end":{"line":76,"column":null}}},"fnMap":{},"branchMap":{},"s":{"0":1},"f":{},"b":{},"meta":{"lastBranch":0,"lastFunction":0,"lastStatement":1,"seen":{"s:3:24:76:Infinity":0}}}
,"/Users/black/Documents/IT_Academy/Especialitzacio/Front_End_React/sprint5_image_gallery/src/lib/utils.ts": {"path":"/Users/black/Documents/IT_Academy/Especialitzacio/Front_End_React/sprint5_image_gallery/src/lib/utils.ts","statementMap":{"0":{"start":{"line":5,"column":2},"end":{"line":5,"column":null}}},"fnMap":{"0":{"name":"cn","decl":{"start":{"line":4,"column":16},"end":{"line":4,"column":22}},"loc":{"start":{"line":4,"column":44},"end":{"line":6,"column":null}},"line":4}},"branchMap":{},"s":{"0":333},"f":{"0":333},"b":{},"meta":{"lastBranch":0,"lastFunction":1,"lastStatement":1,"seen":{"f:4:16:4:22":0,"s:5:2:5:Infinity":0}}}
}
